<?xml version='1.0' encoding='UTF-8' ?>
<testsuite name="biz.kulik.android.jaxb.library.compouserTest.testData1.TestCompouser" tests="58" failures="0" errors="0" time="7.337" timestamp="2014-01-04T13:55:16" hostname="localhost">
  <properties device="GT-P3100 - 4.3.1" flavor="Main" project="library" />
  <testcase name="testAndroidTestCaseSetupProperly" classname="biz.kulik.android.jaxb.library.compouserTest.testData1.TestCompouser" time="0.0010" />
  <testcase name="testCompouseJSON" classname="biz.kulik.android.jaxb.library.compouserTest.testData1.TestCompouser" time="0.026" />
  <testcase name="testCompouseXML" classname="biz.kulik.android.jaxb.library.compouserTest.testData1.TestCompouser" time="0.178" />
  <testcase name="testAndroidTestCaseSetupProperly" classname="biz.kulik.android.jaxb.library.compouserTest.testData2.TestCompouser" time="0.0" />
  <testcase name="testCompouse2JSON" classname="biz.kulik.android.jaxb.library.compouserTest.testData2.TestCompouser" time="0.051" />
  <testcase name="testCompouseXML" classname="biz.kulik.android.jaxb.library.compouserTest.testData2.TestCompouser" time="0.076" />
  <testcase name="testAndroidTestCaseSetupProperly" classname="biz.kulik.android.jaxb.library.compouserTest.testJavaTypeAdapter.TestJavaTypeAdapter1Compouser" time="0.0010" />
  <testcase name="testCompouseXML" classname="biz.kulik.android.jaxb.library.compouserTest.testJavaTypeAdapter.TestJavaTypeAdapter1Compouser" time="0.253" />
  <testcase name="testAndroidTestCaseSetupProperly" classname="biz.kulik.android.jaxb.library.compouserTest.testJavaTypeAdapter.TestJavaTypeAdapterCompouser" time="0.0" />
  <testcase name="testCompouse2JSON" classname="biz.kulik.android.jaxb.library.compouserTest.testJavaTypeAdapter.TestJavaTypeAdapterCompouser" time="0.051" />
  <testcase name="testCompouseXML" classname="biz.kulik.android.jaxb.library.compouserTest.testJavaTypeAdapter.TestJavaTypeAdapterCompouser" time="0.026" />
  <testcase name="testAndroidTestCaseSetupProperly" classname="biz.kulik.android.jaxb.library.parserTest.AdaptersTest.AdaptersTest" time="0.0" />
  <testcase name="testParse1JSON" classname="biz.kulik.android.jaxb.library.parserTest.AdaptersTest.AdaptersTest" time="0.0" />
  <testcase name="testParse1XML" classname="biz.kulik.android.jaxb.library.parserTest.AdaptersTest.AdaptersTest" time="0.0" />
  <testcase name="testAndroidTestCaseSetupProperly" classname="biz.kulik.android.jaxb.library.parserTest.TS_Roster.TestTS_Roster" time="0.0010" />
  <testcase name="testParse4XML" classname="biz.kulik.android.jaxb.library.parserTest.TS_Roster.TestTS_Roster" time="0.202" />
  <testcase name="testAndroidTestCaseSetupProperly" classname="biz.kulik.android.jaxb.library.parserTest.TestData1.TestParser1" time="0.026" />
  <testcase name="testParse1JSON" classname="biz.kulik.android.jaxb.library.parserTest.TestData1.TestParser1" time="0.026" />
  <testcase name="testParse1XML" classname="biz.kulik.android.jaxb.library.parserTest.TestData1.TestParser1" time="0.026" />
  <testcase name="testAndroidTestCaseSetupProperly" classname="biz.kulik.android.jaxb.library.parserTest.TestData1.TestPerformance" time="0.0" />
  <testcase name="testPerfi" classname="biz.kulik.android.jaxb.library.parserTest.TestData1.TestPerformance" time="1.011" />
  <testcase name="testAndroidTestCaseSetupProperly" classname="biz.kulik.android.jaxb.library.parserTest.TestData2.TestParser2" time="0.0" />
  <testcase name="testParse2JSON" classname="biz.kulik.android.jaxb.library.parserTest.TestData2.TestParser2" time="0.076" />
  <testcase name="testParse2XML" classname="biz.kulik.android.jaxb.library.parserTest.TestData2.TestParser2" time="0.0" />
  <testcase name="testAndroidTestCaseSetupProperly" classname="biz.kulik.android.jaxb.library.parserTest.TestData3.TestParser3" time="0.0" />
  <testcase name="testParse3JSON" classname="biz.kulik.android.jaxb.library.parserTest.TestData3.TestParser3" time="0.0" />
  <testcase name="testParse3XML" classname="biz.kulik.android.jaxb.library.parserTest.TestData3.TestParser3" time="0.0" />
  <testcase name="testAndroidTestCaseSetupProperly" classname="biz.kulik.android.jaxb.library.parserTest.TestData5.TestParser5" time="0.0" />
  <testcase name="testParse3JSON" classname="biz.kulik.android.jaxb.library.parserTest.TestData5.TestParser5" time="0.0" />
  <testcase name="testParse3XML" classname="biz.kulik.android.jaxb.library.parserTest.TestData5.TestParser5" time="0.0" />
  <testcase name="testAndroidTestCaseSetupProperly" classname="biz.kulik.android.jaxb.library.parserTest.TestData6.TestParser6" time="0.0" />
  <testcase name="testParse6JSON" classname="biz.kulik.android.jaxb.library.parserTest.TestData6.TestParser6" time="0.0" />
  <testcase name="testParse6XML" classname="biz.kulik.android.jaxb.library.parserTest.TestData6.TestParser6" time="0.025" />
  <testcase name="testAndroidTestCaseSetupProperly" classname="biz.kulik.android.jaxb.library.parserTest.TestData9.TestParser9" time="0.0010" />
  <testcase name="testParse9JSON" classname="biz.kulik.android.jaxb.library.parserTest.TestData9.TestParser9" time="0.0" />
  <testcase name="testParse9XML" classname="biz.kulik.android.jaxb.library.parserTest.TestData9.TestParser9" time="0.0" />
  <testcase name="testAndroidTestCaseSetupProperly" classname="biz.kulik.android.jaxb.library.parserTest.TestDataPrimitive.TestDataPrimitive" time="0.0010" />
  <testcase name="testParse9JSON" classname="biz.kulik.android.jaxb.library.parserTest.TestDataPrimitive.TestDataPrimitive" time="0.025" />
  <testcase name="testParse9XML" classname="biz.kulik.android.jaxb.library.parserTest.TestDataPrimitive.TestDataPrimitive" time="0.026" />
  <testcase name="testAndroidTestCaseSetupProperly" classname="biz.kulik.android.jaxb.library.parserTest.TestDataTS.TestParserTS" time="0.0" />
  <testcase name="testParse9XML" classname="biz.kulik.android.jaxb.library.parserTest.TestDataTS.TestParserTS" time="3.712" />
  <testcase name="testAndroidTestCaseSetupProperly" classname="biz.kulik.android.jaxb.library.parserTest.TestData_asynchrone.TestParser10_1" time="0.0" />
  <testcase name="testParse10JSON" classname="biz.kulik.android.jaxb.library.parserTest.TestData_asynchrone.TestParser10_1" time="0.177" />
  <testcase name="testAndroidTestCaseSetupProperly" classname="biz.kulik.android.jaxb.library.parserTest.TestLongData4.TestParser4" time="0.0010" />
  <testcase name="testParse4JSON" classname="biz.kulik.android.jaxb.library.parserTest.TestLongData4.TestParser4" time="0.0" />
  <testcase name="testAndroidTestCaseSetupProperly" classname="biz.kulik.android.jaxb.library.parserTest.TestWrappedData.TestRecursiveWrapperParser" time="0.026" />
  <testcase name="testRecursiveWrapperParseJSON" classname="biz.kulik.android.jaxb.library.parserTest.TestWrappedData.TestRecursiveWrapperParser" time="0.177" />
  <testcase name="testRecursiveWrapperParseXML" classname="biz.kulik.android.jaxb.library.parserTest.TestWrappedData.TestRecursiveWrapperParser" time="0.177" />
  <testcase name="testAndroidTestCaseSetupProperly" classname="biz.kulik.android.jaxb.library.parserTest.TestWrappedData.TestWrapperParser" time="0.0" />
  <testcase name="testJSON" classname="biz.kulik.android.jaxb.library.parserTest.TestWrappedData.TestWrapperParser" time="0.0" />
  <testcase name="testWrapperParseXML" classname="biz.kulik.android.jaxb.library.parserTest.TestWrappedData.TestWrapperParser" time="0.077" />
  <testcase name="testAndroidTestCaseSetupProperly" classname="biz.kulik.android.jaxb.library.parserTest.XmlJavaTypeAdaptersTest.TestJavaTypeAdapters" time="0.0010" />
  <testcase name="testParseJavaTypeAdaptersJSON" classname="biz.kulik.android.jaxb.library.parserTest.XmlJavaTypeAdaptersTest.TestJavaTypeAdapters" time="0.0" />
  <testcase name="testParseJavaTypeAdaptersXML" classname="biz.kulik.android.jaxb.library.parserTest.XmlJavaTypeAdaptersTest.TestJavaTypeAdapters" time="0.0" />
  <testcase name="testAndroidTestCaseSetupProperly" classname="biz.kulik.android.jaxb.library.parserTest.XmlJavaTypeAdaptersTest.TestJavaTypeAdapters1" time="0.0010" />
  <testcase name="testParseJavaTypeAdaptersXML" classname="biz.kulik.android.jaxb.library.parserTest.XmlJavaTypeAdaptersTest.TestJavaTypeAdapters1" time="0.353" />
  <testcase name="testAndroidTestCaseSetupProperly" classname="biz.kulik.android.jaxb.library.parserTest.parserDima21.TestDimaBug21Parser" time="0.0" />
  <testcase name="testJSON" classname="biz.kulik.android.jaxb.library.parserTest.parserDima21.TestDimaBug21Parser" time="0.127" />
</testsuite>